mode: set
example.com/main.go:9.13,12.75 2 0
example.com/main.go:12.75,13.34 1 0
example.com/main.go:13.34,16.4 2 0
example.com/main.go:18.3,21.62 2 0
example.com/main.go:21.62,24.4 2 0
example.com/main.go:26.3,27.17 2 0
example.com/main.go:27.17,30.4 2 0
example.com/main.go:32.3,37.34 3 0
example.com/main.go:40.2,40.68 1 0
example.com/main.go:40.68,43.17 3 0
example.com/main.go:43.17,46.4 2 0
example.com/main.go:47.3,47.50 1 0
example.com/main.go:50.2,51.35 2 0
example.com/shortener.go:17.38,21.2 1 1
example.com/shortener.go:24.69,25.30 1 1
example.com/shortener.go:25.30,27.3 1 1
example.com/shortener.go:29.2,30.6 2 1
example.com/shortener.go:30.6,35.14 5 1
example.com/shortener.go:35.14,36.9 1 1
example.com/shortener.go:40.2,43.21 4 1
example.com/shortener.go:47.69,51.9 4 1
example.com/shortener.go:51.9,53.3 1 1
example.com/shortener.go:54.2,54.22 1 1
example.com/shortener.go:58.31,62.2 3 1
example.com/shortener.go:65.34,67.16 2 1
example.com/shortener.go:67.16,69.3 1 1
example.com/shortener.go:70.2,70.47 1 1
example.com/shortener.go:70.47,72.3 1 1
example.com/shortener.go:73.2,73.13 1 1
